#! /usr/bin/vvp
:ivl_version "12.0 (stable)";
:ivl_delay_selection "TYPICAL";
:vpi_time_precision + 0;
:vpi_module "/usr/lib/x86_64-linux-gnu/ivl/system.vpi";
:vpi_module "/usr/lib/x86_64-linux-gnu/ivl/vhdl_sys.vpi";
:vpi_module "/usr/lib/x86_64-linux-gnu/ivl/vhdl_textio.vpi";
:vpi_module "/usr/lib/x86_64-linux-gnu/ivl/v2005_math.vpi";
:vpi_module "/usr/lib/x86_64-linux-gnu/ivl/va_math.vpi";
S_0x60820e6ab490 .scope module, "ALU" "ALU" 2 1;
 .timescale 0 0;
    .port_info 0 /INPUT 8 "OPA";
    .port_info 1 /INPUT 8 "OPB";
    .port_info 2 /INPUT 1 "CIN";
    .port_info 3 /INPUT 1 "CLK";
    .port_info 4 /INPUT 1 "RST";
    .port_info 5 /INPUT 1 "CE";
    .port_info 6 /INPUT 1 "MODE";
    .port_info 7 /INPUT 2 "INP_VALID";
    .port_info 8 /INPUT 4 "CMD";
    .port_info 9 /OUTPUT 16 "RES";
    .port_info 10 /OUTPUT 1 "OFLOW";
    .port_info 11 /OUTPUT 1 "COUT";
    .port_info 12 /OUTPUT 1 "G";
    .port_info 13 /OUTPUT 1 "L";
    .port_info 14 /OUTPUT 1 "E";
    .port_info 15 /OUTPUT 1 "ERR";
P_0x60820e6ab620 .param/l "WIDTH" 0 2 1, +C4<00000000000000000000000000001000>;
o0x762d31889078 .functor BUFZ 1, C4<z>; HiZ drive
o0x762d31889018 .functor BUFZ 1, C4<z>; HiZ drive
L_0x60820e6d4770 .functor AND 1, o0x762d31889078, o0x762d31889018, C4<1>, C4<1>;
v0x60820e6ad400_0 .net "CE", 0 0, o0x762d31889018;  0 drivers
o0x762d31889048 .functor BUFZ 1, C4<z>; HiZ drive
v0x60820e6d48c0_0 .net "CIN", 0 0, o0x762d31889048;  0 drivers
v0x60820e716a80_0 .net "CLK", 0 0, o0x762d31889078;  0 drivers
o0x762d318890a8 .functor BUFZ 4, C4<zzzz>; HiZ drive
v0x60820e716b20_0 .net "CMD", 3 0, o0x762d318890a8;  0 drivers
v0x60820e737390_0 .var "COUT", 0 0;
v0x60820e7374a0_0 .var "E", 0 0;
v0x60820e737560_0 .var "ERR", 0 0;
v0x60820e737620_0 .var "G", 0 0;
o0x762d31889198 .functor BUFZ 2, C4<zz>; HiZ drive
v0x60820e7376e0_0 .net "INP_VALID", 1 0, o0x762d31889198;  0 drivers
v0x60820e7377c0_0 .var "L", 0 0;
o0x762d318891f8 .functor BUFZ 1, C4<z>; HiZ drive
v0x60820e737880_0 .net "MODE", 0 0, o0x762d318891f8;  0 drivers
v0x60820e737940_0 .var "OFLOW", 0 0;
o0x762d31889258 .functor BUFZ 8, C4<zzzzzzzz>; HiZ drive
v0x60820e737a00_0 .net "OPA", 7 0, o0x762d31889258;  0 drivers
v0x60820e737ae0_0 .var "OPA_reg", 7 0;
o0x762d318892b8 .functor BUFZ 8, C4<zzzzzzzz>; HiZ drive
v0x60820e737bc0_0 .net "OPB", 7 0, o0x762d318892b8;  0 drivers
v0x60820e737ca0_0 .var "OPB_reg", 7 0;
v0x60820e737d80_0 .var "RES", 15 0;
o0x762d31889348 .functor BUFZ 1, C4<z>; HiZ drive
v0x60820e737f70_0 .net "RST", 0 0, o0x762d31889348;  0 drivers
v0x60820e738030_0 .net "clk1", 0 0, L_0x60820e6d4770;  1 drivers
v0x60820e7380f0_0 .var "count", 1 0;
v0x60820e7381d0_0 .var "count_EN", 0 0;
v0x60820e738290_0 .var "current_operation", 4 0;
v0x60820e738370_0 .var "next_cout", 0 0;
v0x60820e738430_0 .var "next_e", 0 0;
v0x60820e7384f0_0 .var "next_err", 0 0;
v0x60820e7385b0_0 .var "next_g", 0 0;
v0x60820e738670_0 .var "next_l", 0 0;
v0x60820e738730_0 .var "next_oflow", 0 0;
v0x60820e7387f0_0 .var "next_res", 15 0;
v0x60820e7388d0_0 .var "valid_reg", 1 0;
E_0x60820e6e8970 .event posedge, v0x60820e737f70_0, v0x60820e738030_0;
E_0x60820e6e85c0/0 .event anyedge, v0x60820e737880_0, v0x60820e716b20_0, v0x60820e7376e0_0, v0x60820e737a00_0;
E_0x60820e6e85c0/1 .event anyedge, v0x60820e737bc0_0, v0x60820e6d48c0_0, v0x60820e7380f0_0, v0x60820e7388d0_0;
E_0x60820e6e85c0/2 .event anyedge, v0x60820e737ae0_0, v0x60820e737ca0_0, v0x60820e7387f0_0;
E_0x60820e6e85c0 .event/or E_0x60820e6e85c0/0, E_0x60820e6e85c0/1, E_0x60820e6e85c0/2;
    .scope S_0x60820e6ab490;
T_0 ;
    %wait E_0x60820e6e8970;
    %load/vec4 v0x60820e737f70_0;
    %flag_set/vec4 8;
    %jmp/0xz  T_0.0, 8;
    %pushi/vec4 0, 0, 16;
    %assign/vec4 v0x60820e737d80_0, 0;
    %pushi/vec4 0, 0, 1;
    %assign/vec4 v0x60820e737940_0, 0;
    %pushi/vec4 0, 0, 1;
    %assign/vec4 v0x60820e737390_0, 0;
    %pushi/vec4 0, 0, 3;
    %split/vec4 1;
    %assign/vec4 v0x60820e7374a0_0, 0;
    %split/vec4 1;
    %assign/vec4 v0x60820e7377c0_0, 0;
    %assign/vec4 v0x60820e737620_0, 0;
    %pushi/vec4 0, 0, 1;
    %assign/vec4 v0x60820e737560_0, 0;
    %jmp T_0.1;
T_0.0 ;
    %load/vec4 v0x60820e7387f0_0;
    %assign/vec4 v0x60820e737d80_0, 0;
    %load/vec4 v0x60820e738730_0;
    %assign/vec4 v0x60820e737940_0, 0;
    %load/vec4 v0x60820e738370_0;
    %assign/vec4 v0x60820e737390_0, 0;
    %load/vec4 v0x60820e7385b0_0;
    %load/vec4 v0x60820e738670_0;
    %concat/vec4; draw_concat_vec4
    %load/vec4 v0x60820e738430_0;
    %concat/vec4; draw_concat_vec4
    %split/vec4 1;
    %assign/vec4 v0x60820e7374a0_0, 0;
    %split/vec4 1;
    %assign/vec4 v0x60820e7377c0_0, 0;
    %assign/vec4 v0x60820e737620_0, 0;
    %load/vec4 v0x60820e7384f0_0;
    %assign/vec4 v0x60820e737560_0, 0;
T_0.1 ;
    %jmp T_0;
    .thread T_0;
    .scope S_0x60820e6ab490;
T_1 ;
    %wait E_0x60820e6e85c0;
    %pushi/vec4 0, 0, 22;
    %split/vec4 1;
    %store/vec4 v0x60820e7384f0_0, 0, 1;
    %split/vec4 1;
    %store/vec4 v0x60820e738430_0, 0, 1;
    %split/vec4 1;
    %store/vec4 v0x60820e738670_0, 0, 1;
    %split/vec4 1;
    %store/vec4 v0x60820e7385b0_0, 0, 1;
    %split/vec4 1;
    %store/vec4 v0x60820e738370_0, 0, 1;
    %split/vec4 1;
    %store/vec4 v0x60820e738730_0, 0, 1;
    %store/vec4 v0x60820e7387f0_0, 0, 16;
    %load/vec4 v0x60820e737880_0;
    %load/vec4 v0x60820e716b20_0;
    %concat/vec4; draw_concat_vec4
    %dup/vec4;
    %pushi/vec4 16, 0, 5;
    %cmp/u;
    %jmp/1 T_1.0, 6;
    %dup/vec4;
    %pushi/vec4 17, 0, 5;
    %cmp/u;
    %jmp/1 T_1.1, 6;
    %dup/vec4;
    %pushi/vec4 18, 0, 5;
    %cmp/u;
    %jmp/1 T_1.2, 6;
    %dup/vec4;
    %pushi/vec4 19, 0, 5;
    %cmp/u;
    %jmp/1 T_1.3, 6;
    %dup/vec4;
    %pushi/vec4 20, 0, 5;
    %cmp/u;
    %jmp/1 T_1.4, 6;
    %dup/vec4;
    %pushi/vec4 21, 0, 5;
    %cmp/u;
    %jmp/1 T_1.5, 6;
    %dup/vec4;
    %pushi/vec4 22, 0, 5;
    %cmp/u;
    %jmp/1 T_1.6, 6;
    %dup/vec4;
    %pushi/vec4 23, 0, 5;
    %cmp/u;
    %jmp/1 T_1.7, 6;
    %dup/vec4;
    %pushi/vec4 24, 0, 5;
    %cmp/u;
    %jmp/1 T_1.8, 6;
    %dup/vec4;
    %pushi/vec4 25, 0, 5;
    %cmp/u;
    %jmp/1 T_1.9, 6;
    %dup/vec4;
    %pushi/vec4 26, 0, 5;
    %cmp/u;
    %jmp/1 T_1.10, 6;
    %dup/vec4;
    %pushi/vec4 27, 0, 5;
    %cmp/u;
    %jmp/1 T_1.11, 6;
    %dup/vec4;
    %pushi/vec4 28, 0, 5;
    %cmp/u;
    %jmp/1 T_1.12, 6;
    %dup/vec4;
    %pushi/vec4 0, 0, 5;
    %cmp/u;
    %jmp/1 T_1.13, 6;
    %dup/vec4;
    %pushi/vec4 1, 0, 5;
    %cmp/u;
    %jmp/1 T_1.14, 6;
    %dup/vec4;
    %pushi/vec4 2, 0, 5;
    %cmp/u;
    %jmp/1 T_1.15, 6;
    %dup/vec4;
    %pushi/vec4 3, 0, 5;
    %cmp/u;
    %jmp/1 T_1.16, 6;
    %dup/vec4;
    %pushi/vec4 4, 0, 5;
    %cmp/u;
    %jmp/1 T_1.17, 6;
    %dup/vec4;
    %pushi/vec4 5, 0, 5;
    %cmp/u;
    %jmp/1 T_1.18, 6;
    %dup/vec4;
    %pushi/vec4 6, 0, 5;
    %cmp/u;
    %jmp/1 T_1.19, 6;
    %dup/vec4;
    %pushi/vec4 7, 0, 5;
    %cmp/u;
    %jmp/1 T_1.20, 6;
    %dup/vec4;
    %pushi/vec4 8, 0, 5;
    %cmp/u;
    %jmp/1 T_1.21, 6;
    %dup/vec4;
    %pushi/vec4 9, 0, 5;
    %cmp/u;
    %jmp/1 T_1.22, 6;
    %dup/vec4;
    %pushi/vec4 10, 0, 5;
    %cmp/u;
    %jmp/1 T_1.23, 6;
    %dup/vec4;
    %pushi/vec4 11, 0, 5;
    %cmp/u;
    %jmp/1 T_1.24, 6;
    %dup/vec4;
    %pushi/vec4 12, 0, 5;
    %cmp/u;
    %jmp/1 T_1.25, 6;
    %dup/vec4;
    %pushi/vec4 13, 0, 5;
    %cmp/u;
    %jmp/1 T_1.26, 6;
    %jmp T_1.27;
T_1.0 ;
    %load/vec4 v0x60820e7376e0_0;
    %cmpi/e 3, 0, 2;
    %jmp/0xz  T_1.28, 4;
    %load/vec4 v0x60820e737a00_0;
    %pad/u 9;
    %load/vec4 v0x60820e737bc0_0;
    %pad/u 9;
    %add;
    %split/vec4 8;
    %ix/load 4, 0, 0;
    %flag_set/imm 4, 0;
    %store/vec4 v0x60820e7387f0_0, 4, 8;
    %store/vec4 v0x60820e738370_0, 0, 1;
    %load/vec4 v0x60820e737a00_0;
    %pad/u 16;
    %load/vec4 v0x60820e737bc0_0;
    %pad/u 16;
    %add;
    %store/vec4 v0x60820e7387f0_0, 0, 16;
    %pushi/vec4 0, 0, 1;
    %store/vec4 v0x60820e7384f0_0, 0, 1;
    %jmp T_1.29;
T_1.28 ;
    %pushi/vec4 1, 0, 1;
    %store/vec4 v0x60820e7384f0_0, 0, 1;
T_1.29 ;
    %jmp T_1.27;
T_1.1 ;
    %load/vec4 v0x60820e7376e0_0;
    %cmpi/e 3, 0, 2;
    %jmp/0xz  T_1.30, 4;
    %load/vec4 v0x60820e737a00_0;
    %pad/u 9;
    %load/vec4 v0x60820e737bc0_0;
    %pad/u 9;
    %sub;
    %split/vec4 8;
    %ix/load 4, 0, 0;
    %flag_set/imm 4, 0;
    %store/vec4 v0x60820e7387f0_0, 4, 8;
    %store/vec4 v0x60820e738730_0, 0, 1;
    %load/vec4 v0x60820e737a00_0;
    %pad/u 16;
    %load/vec4 v0x60820e737bc0_0;
    %pad/u 16;
    %sub;
    %store/vec4 v0x60820e7387f0_0, 0, 16;
    %pushi/vec4 0, 0, 1;
    %store/vec4 v0x60820e7384f0_0, 0, 1;
    %jmp T_1.31;
T_1.30 ;
    %pushi/vec4 1, 0, 1;
    %store/vec4 v0x60820e7384f0_0, 0, 1;
T_1.31 ;
    %jmp T_1.27;
T_1.2 ;
    %load/vec4 v0x60820e7376e0_0;
    %cmpi/e 3, 0, 2;
    %jmp/0xz  T_1.32, 4;
    %load/vec4 v0x60820e737a00_0;
    %pad/u 9;
    %load/vec4 v0x60820e737bc0_0;
    %pad/u 9;
    %add;
    %load/vec4 v0x60820e6d48c0_0;
    %pad/u 9;
    %add;
    %split/vec4 8;
    %ix/load 4, 0, 0;
    %flag_set/imm 4, 0;
    %store/vec4 v0x60820e7387f0_0, 4, 8;
    %store/vec4 v0x60820e738370_0, 0, 1;
    %load/vec4 v0x60820e737a00_0;
    %pad/u 16;
    %load/vec4 v0x60820e737bc0_0;
    %pad/u 16;
    %add;
    %load/vec4 v0x60820e6d48c0_0;
    %pad/u 16;
    %add;
    %store/vec4 v0x60820e7387f0_0, 0, 16;
    %pushi/vec4 0, 0, 1;
    %store/vec4 v0x60820e7384f0_0, 0, 1;
    %jmp T_1.33;
T_1.32 ;
    %pushi/vec4 1, 0, 1;
    %store/vec4 v0x60820e7384f0_0, 0, 1;
T_1.33 ;
    %jmp T_1.27;
T_1.3 ;
    %load/vec4 v0x60820e7376e0_0;
    %cmpi/e 3, 0, 2;
    %jmp/0xz  T_1.34, 4;
    %load/vec4 v0x60820e737a00_0;
    %pad/u 9;
    %load/vec4 v0x60820e737bc0_0;
    %pad/u 9;
    %sub;
    %load/vec4 v0x60820e6d48c0_0;
    %pad/u 9;
    %sub;
    %split/vec4 8;
    %ix/load 4, 0, 0;
    %flag_set/imm 4, 0;
    %store/vec4 v0x60820e7387f0_0, 4, 8;
    %store/vec4 v0x60820e738730_0, 0, 1;
    %load/vec4 v0x60820e737a00_0;
    %pad/u 16;
    %load/vec4 v0x60820e737bc0_0;
    %pad/u 16;
    %sub;
    %load/vec4 v0x60820e6d48c0_0;
    %pad/u 16;
    %sub;
    %store/vec4 v0x60820e7387f0_0, 0, 16;
    %pushi/vec4 0, 0, 1;
    %store/vec4 v0x60820e7384f0_0, 0, 1;
    %jmp T_1.35;
T_1.34 ;
    %pushi/vec4 1, 0, 1;
    %store/vec4 v0x60820e7384f0_0, 0, 1;
T_1.35 ;
    %jmp T_1.27;
T_1.4 ;
    %load/vec4 v0x60820e7376e0_0;
    %parti/s 1, 0, 2;
    %cmpi/e 1, 0, 1;
    %jmp/0xz  T_1.36, 4;
    %load/vec4 v0x60820e737a00_0;
    %pad/u 16;
    %addi 1, 0, 16;
    %store/vec4 v0x60820e7387f0_0, 0, 16;
    %jmp T_1.37;
T_1.36 ;
    %pushi/vec4 1, 0, 1;
    %store/vec4 v0x60820e7384f0_0, 0, 1;
T_1.37 ;
    %jmp T_1.27;
T_1.5 ;
    %load/vec4 v0x60820e7376e0_0;
    %parti/s 1, 0, 2;
    %cmpi/e 1, 0, 1;
    %jmp/0xz  T_1.38, 4;
    %load/vec4 v0x60820e737a00_0;
    %pad/u 16;
    %subi 1, 0, 16;
    %store/vec4 v0x60820e7387f0_0, 0, 16;
    %jmp T_1.39;
T_1.38 ;
    %pushi/vec4 1, 0, 1;
    %store/vec4 v0x60820e7384f0_0, 0, 1;
T_1.39 ;
    %jmp T_1.27;
T_1.6 ;
    %load/vec4 v0x60820e7376e0_0;
    %parti/s 1, 1, 2;
    %cmpi/e 1, 0, 1;
    %jmp/0xz  T_1.40, 4;
    %load/vec4 v0x60820e737bc0_0;
    %pad/u 16;
    %addi 1, 0, 16;
    %store/vec4 v0x60820e7387f0_0, 0, 16;
    %jmp T_1.41;
T_1.40 ;
    %pushi/vec4 1, 0, 1;
    %store/vec4 v0x60820e7384f0_0, 0, 1;
T_1.41 ;
    %jmp T_1.27;
T_1.7 ;
    %load/vec4 v0x60820e7376e0_0;
    %parti/s 1, 1, 2;
    %cmpi/e 1, 0, 1;
    %jmp/0xz  T_1.42, 4;
    %load/vec4 v0x60820e737bc0_0;
    %pad/u 16;
    %subi 1, 0, 16;
    %store/vec4 v0x60820e7387f0_0, 0, 16;
    %jmp T_1.43;
T_1.42 ;
    %pushi/vec4 1, 0, 1;
    %store/vec4 v0x60820e7384f0_0, 0, 1;
T_1.43 ;
    %jmp T_1.27;
T_1.8 ;
    %load/vec4 v0x60820e7376e0_0;
    %cmpi/e 3, 0, 2;
    %jmp/0xz  T_1.44, 4;
    %load/vec4 v0x60820e737a00_0;
    %load/vec4 v0x60820e737bc0_0;
    %cmp/e;
    %flag_mov 8, 4;
    %jmp/0 T_1.46, 8;
    %pushi/vec4 1, 0, 3;
    %jmp/1 T_1.47, 8;
T_1.46 ; End of true expr.
    %load/vec4 v0x60820e737bc0_0;
    %load/vec4 v0x60820e737a00_0;
    %cmp/u;
    %flag_mov 9, 5;
    %jmp/0 T_1.48, 9;
    %pushi/vec4 4, 0, 3;
    %jmp/1 T_1.49, 9;
T_1.48 ; End of true expr.
    %pushi/vec4 2, 0, 3;
    %jmp/0 T_1.49, 9;
 ; End of false expr.
    %blend;
T_1.49;
    %jmp/0 T_1.47, 8;
 ; End of false expr.
    %blend;
T_1.47;
    %split/vec4 1;
    %store/vec4 v0x60820e738430_0, 0, 1;
    %split/vec4 1;
    %store/vec4 v0x60820e738670_0, 0, 1;
    %store/vec4 v0x60820e7385b0_0, 0, 1;
    %pushi/vec4 0, 0, 1;
    %store/vec4 v0x60820e7384f0_0, 0, 1;
    %jmp T_1.45;
T_1.44 ;
    %pushi/vec4 1, 0, 1;
    %assign/vec4 v0x60820e7384f0_0, 0;
T_1.45 ;
    %jmp T_1.27;
T_1.9 ;
    %pushi/vec4 1, 0, 1;
    %assign/vec4 v0x60820e7381d0_0, 0;
    %load/vec4 v0x60820e7380f0_0;
    %pad/u 32;
    %cmpi/e 0, 0, 32;
    %jmp/0xz  T_1.50, 4;
    %load/vec4 v0x60820e737a00_0;
    %assign/vec4 v0x60820e737ae0_0, 0;
    %load/vec4 v0x60820e737bc0_0;
    %assign/vec4 v0x60820e737ca0_0, 0;
    %load/vec4 v0x60820e7376e0_0;
    %assign/vec4 v0x60820e7388d0_0, 0;
    %jmp T_1.51;
T_1.50 ;
    %load/vec4 v0x60820e7380f0_0;
    %pad/u 32;
    %cmpi/e 2, 0, 32;
    %jmp/0xz  T_1.52, 4;
    %load/vec4 v0x60820e7388d0_0;
    %cmpi/e 3, 0, 2;
    %jmp/0xz  T_1.54, 4;
    %load/vec4 v0x60820e737ae0_0;
    %pad/u 16;
    %addi 1, 0, 16;
    %load/vec4 v0x60820e737ca0_0;
    %pad/u 16;
    %addi 1, 0, 16;
    %mul;
    %store/vec4 v0x60820e7387f0_0, 0, 16;
    %pushi/vec4 0, 0, 1;
    %store/vec4 v0x60820e7384f0_0, 0, 1;
    %jmp T_1.55;
T_1.54 ;
    %pushi/vec4 1, 0, 1;
    %store/vec4 v0x60820e7384f0_0, 0, 1;
T_1.55 ;
T_1.52 ;
T_1.51 ;
    %jmp T_1.27;
T_1.10 ;
    %pushi/vec4 1, 0, 1;
    %assign/vec4 v0x60820e7381d0_0, 0;
    %load/vec4 v0x60820e7380f0_0;
    %pad/u 32;
    %cmpi/e 0, 0, 32;
    %jmp/0xz  T_1.56, 4;
    %load/vec4 v0x60820e737a00_0;
    %assign/vec4 v0x60820e737ae0_0, 0;
    %load/vec4 v0x60820e737bc0_0;
    %assign/vec4 v0x60820e737ca0_0, 0;
    %load/vec4 v0x60820e7376e0_0;
    %assign/vec4 v0x60820e7388d0_0, 0;
    %jmp T_1.57;
T_1.56 ;
    %load/vec4 v0x60820e7380f0_0;
    %pad/u 32;
    %cmpi/e 1, 0, 32;
    %jmp/0xz  T_1.58, 4;
    %load/vec4 v0x60820e7388d0_0;
    %cmpi/e 3, 0, 2;
    %jmp/0xz  T_1.60, 4;
    %load/vec4 v0x60820e737ae0_0;
    %pad/u 16;
    %ix/load 4, 1, 0;
    %flag_set/imm 4, 0;
    %shiftl 4;
    %load/vec4 v0x60820e737ca0_0;
    %pad/u 16;
    %mul;
    %store/vec4 v0x60820e7387f0_0, 0, 16;
    %pushi/vec4 0, 0, 1;
    %store/vec4 v0x60820e7384f0_0, 0, 1;
    %jmp T_1.61;
T_1.60 ;
    %pushi/vec4 1, 0, 1;
    %store/vec4 v0x60820e7384f0_0, 0, 1;
T_1.61 ;
T_1.58 ;
T_1.57 ;
    %jmp T_1.27;
T_1.11 ;
    %load/vec4 v0x60820e7376e0_0;
    %cmpi/e 3, 0, 2;
    %jmp/0xz  T_1.62, 4;
    %load/vec4 v0x60820e737a00_0;
    %load/vec4 v0x60820e737bc0_0;
    %cmp/e;
    %flag_mov 8, 4;
    %jmp/0 T_1.64, 8;
    %pushi/vec4 1, 0, 3;
    %jmp/1 T_1.65, 8;
T_1.64 ; End of true expr.
    %load/vec4 v0x60820e737bc0_0;
    %load/vec4 v0x60820e737a00_0;
    %cmp/s;
    %flag_mov 9, 5;
    %jmp/0 T_1.66, 9;
    %pushi/vec4 4, 0, 3;
    %jmp/1 T_1.67, 9;
T_1.66 ; End of true expr.
    %pushi/vec4 2, 0, 3;
    %jmp/0 T_1.67, 9;
 ; End of false expr.
    %blend;
T_1.67;
    %jmp/0 T_1.65, 8;
 ; End of false expr.
    %blend;
T_1.65;
    %split/vec4 1;
    %store/vec4 v0x60820e738430_0, 0, 1;
    %split/vec4 1;
    %store/vec4 v0x60820e738670_0, 0, 1;
    %store/vec4 v0x60820e7385b0_0, 0, 1;
    %pushi/vec4 0, 0, 1;
    %store/vec4 v0x60820e7384f0_0, 0, 1;
    %load/vec4 v0x60820e737a00_0;
    %pad/u 16;
    %load/vec4 v0x60820e737bc0_0;
    %pad/u 16;
    %add;
    %store/vec4 v0x60820e7387f0_0, 0, 16;
    %load/vec4 v0x60820e737a00_0;
    %parti/s 1, 7, 4;
    %load/vec4 v0x60820e737bc0_0;
    %parti/s 1, 7, 4;
    %cmp/e;
    %flag_get/vec4 4;
    %load/vec4 v0x60820e7387f0_0;
    %parti/s 1, 7, 4;
    %cmp/ne;
    %flag_mov 8, 4;
    %jmp/0 T_1.68, 8;
    %pushi/vec4 1, 0, 2;
    %jmp/1 T_1.69, 8;
T_1.68 ; End of true expr.
    %pushi/vec4 0, 0, 2;
    %jmp/0 T_1.69, 8;
 ; End of false expr.
    %blend;
T_1.69;
    %pad/s 1;
    %store/vec4 v0x60820e738730_0, 0, 1;
    %jmp T_1.63;
T_1.62 ;
    %pushi/vec4 1, 0, 1;
    %store/vec4 v0x60820e7384f0_0, 0, 1;
T_1.63 ;
    %jmp T_1.27;
T_1.12 ;
    %load/vec4 v0x60820e7376e0_0;
    %cmpi/e 3, 0, 2;
    %jmp/0xz  T_1.70, 4;
    %load/vec4 v0x60820e737a00_0;
    %load/vec4 v0x60820e737bc0_0;
    %cmp/e;
    %flag_mov 8, 4;
    %jmp/0 T_1.72, 8;
    %pushi/vec4 1, 0, 3;
    %jmp/1 T_1.73, 8;
T_1.72 ; End of true expr.
    %load/vec4 v0x60820e737bc0_0;
    %load/vec4 v0x60820e737a00_0;
    %cmp/s;
    %flag_mov 9, 5;
    %jmp/0 T_1.74, 9;
    %pushi/vec4 4, 0, 3;
    %jmp/1 T_1.75, 9;
T_1.74 ; End of true expr.
    %pushi/vec4 2, 0, 3;
    %jmp/0 T_1.75, 9;
 ; End of false expr.
    %blend;
T_1.75;
    %jmp/0 T_1.73, 8;
 ; End of false expr.
    %blend;
T_1.73;
    %split/vec4 1;
    %store/vec4 v0x60820e738430_0, 0, 1;
    %split/vec4 1;
    %store/vec4 v0x60820e738670_0, 0, 1;
    %store/vec4 v0x60820e7385b0_0, 0, 1;
    %pushi/vec4 0, 0, 1;
    %store/vec4 v0x60820e7384f0_0, 0, 1;
    %load/vec4 v0x60820e737a00_0;
    %pad/u 16;
    %load/vec4 v0x60820e737bc0_0;
    %pad/u 16;
    %sub;
    %store/vec4 v0x60820e7387f0_0, 0, 16;
    %load/vec4 v0x60820e737a00_0;
    %parti/s 1, 7, 4;
    %load/vec4 v0x60820e737bc0_0;
    %parti/s 1, 7, 4;
    %cmp/e;
    %flag_get/vec4 4;
    %load/vec4 v0x60820e7387f0_0;
    %parti/s 1, 7, 4;
    %cmp/ne;
    %flag_mov 8, 4;
    %jmp/0 T_1.76, 8;
    %pushi/vec4 1, 0, 2;
    %jmp/1 T_1.77, 8;
T_1.76 ; End of true expr.
    %pushi/vec4 0, 0, 2;
    %jmp/0 T_1.77, 8;
 ; End of false expr.
    %blend;
T_1.77;
    %pad/s 1;
    %store/vec4 v0x60820e738730_0, 0, 1;
    %jmp T_1.71;
T_1.70 ;
    %pushi/vec4 1, 0, 1;
    %store/vec4 v0x60820e7384f0_0, 0, 1;
T_1.71 ;
    %jmp T_1.27;
T_1.13 ;
    %load/vec4 v0x60820e7376e0_0;
    %cmpi/e 3, 0, 2;
    %jmp/0xz  T_1.78, 4;
    %load/vec4 v0x60820e737a00_0;
    %load/vec4 v0x60820e737bc0_0;
    %and;
    %pad/u 1;
    %ix/load 4, 7, 0;
    %flag_set/imm 4, 0;
    %store/vec4 v0x60820e7387f0_0, 4, 1;
    %pushi/vec4 0, 0, 1;
    %store/vec4 v0x60820e7384f0_0, 0, 1;
    %jmp T_1.79;
T_1.78 ;
    %pushi/vec4 1, 0, 1;
    %store/vec4 v0x60820e7384f0_0, 0, 1;
T_1.79 ;
    %jmp T_1.27;
T_1.14 ;
    %load/vec4 v0x60820e7376e0_0;
    %cmpi/e 3, 0, 2;
    %jmp/0xz  T_1.80, 4;
    %load/vec4 v0x60820e737a00_0;
    %load/vec4 v0x60820e737bc0_0;
    %and;
    %inv;
    %pad/u 1;
    %ix/load 4, 7, 0;
    %flag_set/imm 4, 0;
    %store/vec4 v0x60820e7387f0_0, 4, 1;
    %pushi/vec4 0, 0, 1;
    %store/vec4 v0x60820e7384f0_0, 0, 1;
    %jmp T_1.81;
T_1.80 ;
    %pushi/vec4 1, 0, 1;
    %store/vec4 v0x60820e7384f0_0, 0, 1;
T_1.81 ;
    %jmp T_1.27;
T_1.15 ;
    %load/vec4 v0x60820e7376e0_0;
    %cmpi/e 3, 0, 2;
    %jmp/0xz  T_1.82, 4;
    %load/vec4 v0x60820e737a00_0;
    %load/vec4 v0x60820e737bc0_0;
    %or;
    %pad/u 1;
    %ix/load 4, 7, 0;
    %flag_set/imm 4, 0;
    %store/vec4 v0x60820e7387f0_0, 4, 1;
    %pushi/vec4 0, 0, 1;
    %store/vec4 v0x60820e7384f0_0, 0, 1;
    %jmp T_1.83;
T_1.82 ;
    %pushi/vec4 1, 0, 1;
    %store/vec4 v0x60820e7384f0_0, 0, 1;
T_1.83 ;
    %jmp T_1.27;
T_1.16 ;
    %load/vec4 v0x60820e7376e0_0;
    %cmpi/e 3, 0, 2;
    %jmp/0xz  T_1.84, 4;
    %load/vec4 v0x60820e737a00_0;
    %load/vec4 v0x60820e737bc0_0;
    %or;
    %inv;
    %pad/u 1;
    %ix/load 4, 7, 0;
    %flag_set/imm 4, 0;
    %store/vec4 v0x60820e7387f0_0, 4, 1;
    %pushi/vec4 0, 0, 1;
    %store/vec4 v0x60820e7384f0_0, 0, 1;
    %jmp T_1.85;
T_1.84 ;
    %pushi/vec4 1, 0, 1;
    %store/vec4 v0x60820e7384f0_0, 0, 1;
T_1.85 ;
    %jmp T_1.27;
T_1.17 ;
    %load/vec4 v0x60820e7376e0_0;
    %cmpi/e 3, 0, 2;
    %jmp/0xz  T_1.86, 4;
    %load/vec4 v0x60820e737a00_0;
    %load/vec4 v0x60820e737bc0_0;
    %xor;
    %pad/u 1;
    %ix/load 4, 7, 0;
    %flag_set/imm 4, 0;
    %store/vec4 v0x60820e7387f0_0, 4, 1;
    %pushi/vec4 0, 0, 1;
    %store/vec4 v0x60820e7384f0_0, 0, 1;
    %jmp T_1.87;
T_1.86 ;
    %pushi/vec4 1, 0, 1;
    %store/vec4 v0x60820e7384f0_0, 0, 1;
T_1.87 ;
    %jmp T_1.27;
T_1.18 ;
    %load/vec4 v0x60820e7376e0_0;
    %cmpi/e 3, 0, 2;
    %jmp/0xz  T_1.88, 4;
    %load/vec4 v0x60820e737a00_0;
    %load/vec4 v0x60820e737bc0_0;
    %xor;
    %inv;
    %pad/u 1;
    %ix/load 4, 7, 0;
    %flag_set/imm 4, 0;
    %store/vec4 v0x60820e7387f0_0, 4, 1;
    %pushi/vec4 0, 0, 1;
    %store/vec4 v0x60820e7384f0_0, 0, 1;
    %jmp T_1.89;
T_1.88 ;
    %pushi/vec4 1, 0, 1;
    %store/vec4 v0x60820e7384f0_0, 0, 1;
T_1.89 ;
    %jmp T_1.27;
T_1.19 ;
    %load/vec4 v0x60820e7376e0_0;
    %parti/s 1, 0, 2;
    %cmpi/e 1, 0, 1;
    %jmp/0xz  T_1.90, 4;
    %load/vec4 v0x60820e737a00_0;
    %inv;
    %pad/u 1;
    %ix/load 4, 7, 0;
    %flag_set/imm 4, 0;
    %store/vec4 v0x60820e7387f0_0, 4, 1;
    %pushi/vec4 0, 0, 1;
    %store/vec4 v0x60820e7384f0_0, 0, 1;
    %jmp T_1.91;
T_1.90 ;
    %pushi/vec4 1, 0, 1;
    %store/vec4 v0x60820e7384f0_0, 0, 1;
T_1.91 ;
    %jmp T_1.27;
T_1.20 ;
    %load/vec4 v0x60820e7376e0_0;
    %parti/s 1, 1, 2;
    %cmpi/e 1, 0, 1;
    %jmp/0xz  T_1.92, 4;
    %load/vec4 v0x60820e737bc0_0;
    %inv;
    %pad/u 1;
    %ix/load 4, 7, 0;
    %flag_set/imm 4, 0;
    %store/vec4 v0x60820e7387f0_0, 4, 1;
    %pushi/vec4 0, 0, 1;
    %store/vec4 v0x60820e7384f0_0, 0, 1;
    %jmp T_1.93;
T_1.92 ;
    %pushi/vec4 1, 0, 1;
    %store/vec4 v0x60820e7384f0_0, 0, 1;
T_1.93 ;
    %jmp T_1.27;
T_1.21 ;
    %load/vec4 v0x60820e7376e0_0;
    %parti/s 1, 0, 2;
    %cmpi/e 1, 0, 1;
    %jmp/0xz  T_1.94, 4;
    %load/vec4 v0x60820e737a00_0;
    %ix/load 4, 1, 0;
    %flag_set/imm 4, 0;
    %shiftr 4;
    %pad/u 1;
    %ix/load 4, 7, 0;
    %flag_set/imm 4, 0;
    %store/vec4 v0x60820e7387f0_0, 4, 1;
    %pushi/vec4 0, 0, 1;
    %store/vec4 v0x60820e7384f0_0, 0, 1;
    %jmp T_1.95;
T_1.94 ;
    %pushi/vec4 1, 0, 1;
    %store/vec4 v0x60820e7384f0_0, 0, 1;
T_1.95 ;
    %jmp T_1.27;
T_1.22 ;
    %load/vec4 v0x60820e7376e0_0;
    %parti/s 1, 0, 2;
    %cmpi/e 1, 0, 1;
    %jmp/0xz  T_1.96, 4;
    %load/vec4 v0x60820e737a00_0;
    %ix/load 4, 1, 0;
    %flag_set/imm 4, 0;
    %shiftl 4;
    %pad/u 1;
    %ix/load 4, 7, 0;
    %flag_set/imm 4, 0;
    %store/vec4 v0x60820e7387f0_0, 4, 1;
    %pushi/vec4 0, 0, 1;
    %store/vec4 v0x60820e7384f0_0, 0, 1;
    %jmp T_1.97;
T_1.96 ;
    %pushi/vec4 1, 0, 1;
    %store/vec4 v0x60820e7384f0_0, 0, 1;
T_1.97 ;
    %jmp T_1.27;
T_1.23 ;
    %load/vec4 v0x60820e7376e0_0;
    %parti/s 1, 1, 2;
    %cmpi/e 1, 0, 1;
    %jmp/0xz  T_1.98, 4;
    %load/vec4 v0x60820e737bc0_0;
    %ix/load 4, 1, 0;
    %flag_set/imm 4, 0;
    %shiftr 4;
    %pad/u 1;
    %ix/load 4, 7, 0;
    %flag_set/imm 4, 0;
    %store/vec4 v0x60820e7387f0_0, 4, 1;
    %pushi/vec4 0, 0, 1;
    %store/vec4 v0x60820e7384f0_0, 0, 1;
    %jmp T_1.99;
T_1.98 ;
    %pushi/vec4 1, 0, 1;
    %store/vec4 v0x60820e7384f0_0, 0, 1;
T_1.99 ;
    %jmp T_1.27;
T_1.24 ;
    %load/vec4 v0x60820e7376e0_0;
    %parti/s 1, 1, 2;
    %cmpi/e 1, 0, 1;
    %jmp/0xz  T_1.100, 4;
    %load/vec4 v0x60820e737bc0_0;
    %ix/load 4, 1, 0;
    %flag_set/imm 4, 0;
    %shiftl 4;
    %pad/u 1;
    %ix/load 4, 7, 0;
    %flag_set/imm 4, 0;
    %store/vec4 v0x60820e7387f0_0, 4, 1;
    %pushi/vec4 0, 0, 1;
    %store/vec4 v0x60820e7384f0_0, 0, 1;
    %jmp T_1.101;
T_1.100 ;
    %pushi/vec4 1, 0, 1;
    %store/vec4 v0x60820e7384f0_0, 0, 1;
T_1.101 ;
    %jmp T_1.27;
T_1.25 ;
    %load/vec4 v0x60820e7376e0_0;
    %cmpi/e 3, 0, 2;
    %jmp/0xz  T_1.102, 4;
    %load/vec4 v0x60820e737bc0_0;
    %parti/s 4, 4, 4;
    %or/r;
    %flag_set/vec4 8;
    %jmp/0xz  T_1.104, 8;
    %pushi/vec4 1, 0, 1;
    %store/vec4 v0x60820e7384f0_0, 0, 1;
    %jmp T_1.105;
T_1.104 ;
    %load/vec4 v0x60820e737a00_0;
    %load/vec4 v0x60820e737bc0_0;
    %parti/s 3, 0, 2;
    %ix/vec4 4;
    %shiftl 4;
    %load/vec4 v0x60820e737a00_0;
    %load/vec4 v0x60820e737bc0_0;
    %parti/s 3, 0, 2;
    %ix/vec4 4;
    %shiftr 4;
    %concat/vec4; draw_concat_vec4
    %pad/u 1;
    %ix/load 4, 7, 0;
    %flag_set/imm 4, 0;
    %store/vec4 v0x60820e7387f0_0, 4, 1;
    %pushi/vec4 0, 0, 1;
    %store/vec4 v0x60820e7384f0_0, 0, 1;
T_1.105 ;
    %jmp T_1.103;
T_1.102 ;
    %pushi/vec4 1, 0, 1;
    %assign/vec4 v0x60820e7384f0_0, 0;
T_1.103 ;
    %jmp T_1.27;
T_1.26 ;
    %load/vec4 v0x60820e7376e0_0;
    %cmpi/e 3, 0, 2;
    %jmp/0xz  T_1.106, 4;
    %load/vec4 v0x60820e737bc0_0;
    %parti/s 4, 4, 4;
    %or/r;
    %flag_set/vec4 8;
    %jmp/0xz  T_1.108, 8;
    %pushi/vec4 1, 0, 1;
    %store/vec4 v0x60820e7384f0_0, 0, 1;
    %jmp T_1.109;
T_1.108 ;
    %load/vec4 v0x60820e737a00_0;
    %load/vec4 v0x60820e737bc0_0;
    %parti/s 3, 0, 2;
    %ix/vec4 4;
    %shiftr 4;
    %load/vec4 v0x60820e737a00_0;
    %load/vec4 v0x60820e737bc0_0;
    %parti/s 3, 0, 2;
    %ix/vec4 4;
    %shiftl 4;
    %concat/vec4; draw_concat_vec4
    %pad/u 1;
    %ix/load 4, 7, 0;
    %flag_set/imm 4, 0;
    %store/vec4 v0x60820e7387f0_0, 4, 1;
    %pushi/vec4 0, 0, 1;
    %store/vec4 v0x60820e7384f0_0, 0, 1;
T_1.109 ;
    %jmp T_1.107;
T_1.106 ;
    %pushi/vec4 1, 0, 1;
    %store/vec4 v0x60820e7384f0_0, 0, 1;
T_1.107 ;
    %jmp T_1.27;
T_1.27 ;
    %pop/vec4 1;
    %jmp T_1;
    .thread T_1, $push;
    .scope S_0x60820e6ab490;
T_2 ;
    %wait E_0x60820e6e8970;
    %load/vec4 v0x60820e737f70_0;
    %flag_set/vec4 8;
    %jmp/0xz  T_2.0, 8;
    %pushi/vec4 0, 0, 5;
    %assign/vec4 v0x60820e738290_0, 0;
    %jmp T_2.1;
T_2.0 ;
    %load/vec4 v0x60820e716b20_0;
    %load/vec4 v0x60820e737880_0;
    %concat/vec4; draw_concat_vec4
    %assign/vec4 v0x60820e738290_0, 0;
T_2.1 ;
    %jmp T_2;
    .thread T_2;
    .scope S_0x60820e6ab490;
T_3 ;
    %wait E_0x60820e6e8970;
    %load/vec4 v0x60820e737f70_0;
    %flag_set/vec4 8;
    %jmp/0xz  T_3.0, 8;
    %pushi/vec4 0, 0, 2;
    %assign/vec4 v0x60820e7380f0_0, 0;
    %jmp T_3.1;
T_3.0 ;
    %load/vec4 v0x60820e7381d0_0;
    %flag_set/vec4 8;
    %jmp/0xz  T_3.2, 8;
    %load/vec4 v0x60820e738290_0;
    %load/vec4 v0x60820e716b20_0;
    %load/vec4 v0x60820e737880_0;
    %concat/vec4; draw_concat_vec4
    %cmp/e;
    %jmp/0xz  T_3.4, 4;
    %load/vec4 v0x60820e7380f0_0;
    %pad/u 32;
    %cmpi/u 2, 0, 32;
    %flag_inv 5; GE is !LT
    %jmp/0xz  T_3.6, 5;
    %pushi/vec4 0, 0, 2;
    %assign/vec4 v0x60820e7380f0_0, 0;
    %jmp T_3.7;
T_3.6 ;
    %load/vec4 v0x60820e7380f0_0;
    %addi 1, 0, 2;
    %assign/vec4 v0x60820e7380f0_0, 0;
T_3.7 ;
    %jmp T_3.5;
T_3.4 ;
    %pushi/vec4 0, 0, 2;
    %assign/vec4 v0x60820e7380f0_0, 0;
T_3.5 ;
    %jmp T_3.3;
T_3.2 ;
    %pushi/vec4 0, 0, 2;
    %assign/vec4 v0x60820e7380f0_0, 0;
T_3.3 ;
T_3.1 ;
    %jmp T_3;
    .thread T_3;
# The file index is used to find the file name in the following table.
:file_names 3;
    "N/A";
    "<interactive>";
    "ALU.v";
